<?xml version="1.0" encoding="UTF-8"?>
<testng-results skipped="0" failed="0" ignored="0" total="2" passed="2">
  <reporter-output>
  </reporter-output>
  <suite name="Health First Automation test" duration-ms="17797" started-at="2018-01-24T22:36:33Z" finished-at="2018-01-24T22:36:51Z">
    <groups>
    </groups>
    <test name="Amazon Home" duration-ms="17797" started-at="2018-01-24T22:36:33Z" finished-at="2018-01-24T22:36:51Z">
      <class name="testcases.TestHomePage">
        <test-method status="PASS" signature="setUp(boolean, java.lang.String, java.lang.String, java.lang.String, java.lang.String, java.lang.String, java.lang.String)[pri:0, instance:testcases.TestHomePage@3dd3bcd]" name="setUp" is-config="true" duration-ms="7867" started-at="2018-01-24T17:36:33Z" finished-at="2018-01-24T17:36:41Z">
          <params>
            <param index="0">
              <value>
                <![CDATA[false]]>
              </value>
            </param>
            <param index="1">
              <value>
                <![CDATA[Browserstack]]>
              </value>
            </param>
            <param index="2">
              <value>
                <![CDATA[OS X]]>
              </value>
            </param>
            <param index="3">
              <value>
                <![CDATA[High Sierra]]>
              </value>
            </param>
            <param index="4">
              <value>
                <![CDATA[Firefox]]>
              </value>
            </param>
            <param index="5">
              <value>
                <![CDATA[57.0]]>
              </value>
            </param>
            <param index="6">
              <value>
                <![CDATA[https://healthfirst.org/]]>
              </value>
            </param>
          </params>
          <reporter-output>
          </reporter-output>
        </test-method> <!-- setUp -->
        <test-method status="PASS" signature="testLangChangeEnglishToChinese()[pri:0, instance:testcases.TestHomePage@3dd3bcd]" name="testLangChangeEnglishToChinese" duration-ms="379" started-at="2018-01-24T17:36:41Z" finished-at="2018-01-24T17:36:42Z">
          <reporter-output>
          </reporter-output>
        </test-method> <!-- testLangChangeEnglishToChinese -->
        <test-method status="PASS" signature="cleanUp()[pri:0, instance:testcases.TestHomePage@3dd3bcd]" name="cleanUp" is-config="true" duration-ms="123" started-at="2018-01-24T17:36:42Z" finished-at="2018-01-24T17:36:42Z">
          <reporter-output>
          </reporter-output>
        </test-method> <!-- cleanUp -->
        <test-method status="PASS" signature="setUp(boolean, java.lang.String, java.lang.String, java.lang.String, java.lang.String, java.lang.String, java.lang.String)[pri:0, instance:testcases.TestHomePage@3dd3bcd]" name="setUp" is-config="true" duration-ms="6847" started-at="2018-01-24T17:36:42Z" finished-at="2018-01-24T17:36:49Z">
          <params>
            <param index="0">
              <value>
                <![CDATA[false]]>
              </value>
            </param>
            <param index="1">
              <value>
                <![CDATA[Browserstack]]>
              </value>
            </param>
            <param index="2">
              <value>
                <![CDATA[OS X]]>
              </value>
            </param>
            <param index="3">
              <value>
                <![CDATA[High Sierra]]>
              </value>
            </param>
            <param index="4">
              <value>
                <![CDATA[Firefox]]>
              </value>
            </param>
            <param index="5">
              <value>
                <![CDATA[57.0]]>
              </value>
            </param>
            <param index="6">
              <value>
                <![CDATA[https://healthfirst.org/]]>
              </value>
            </param>
          </params>
          <reporter-output>
          </reporter-output>
        </test-method> <!-- setUp -->
        <test-method status="PASS" signature="testSearch()[pri:0, instance:testcases.TestHomePage@3dd3bcd]" name="testSearch" duration-ms="2446" started-at="2018-01-24T17:36:49Z" finished-at="2018-01-24T17:36:51Z">
          <reporter-output>
          </reporter-output>
        </test-method> <!-- testSearch -->
        <test-method status="PASS" signature="cleanUp()[pri:0, instance:testcases.TestHomePage@3dd3bcd]" name="cleanUp" is-config="true" duration-ms="114" started-at="2018-01-24T17:36:51Z" finished-at="2018-01-24T17:36:51Z">
          <reporter-output>
          </reporter-output>
        </test-method> <!-- cleanUp -->
      </class> <!-- testcases.TestHomePage -->
    </test> <!-- Amazon Home -->
  </suite> <!-- Health First Automation test -->
</testng-results>
