<?xml version="1.0" encoding="UTF-8"?>
<testng-results skipped="0" failed="0" ignored="0" total="1" passed="1">
  <reporter-output>
  </reporter-output>
  <suite name="HF" duration-ms="34895" started-at="2018-01-23T22:04:58Z" finished-at="2018-01-23T22:05:33Z">
    <groups>
    </groups>
    <test name="Test HF" duration-ms="34895" started-at="2018-01-23T22:04:58Z" finished-at="2018-01-23T22:05:33Z">
      <class name="testcases.TestHomePage">
        <test-method status="PASS" signature="setUp(java.lang.String, java.lang.String, java.lang.String)[pri:0, instance:testcases.TestHomePage@13c78c0b]" name="setUp" is-config="true" duration-ms="27957" started-at="2018-01-23T17:04:58Z" finished-at="2018-01-23T17:05:26Z">
          <params>
            <param index="0">
              <value>
                <![CDATA[chrome]]>
              </value>
            </param>
            <param index="1">
              <value>
                <![CDATA[mac]]>
              </value>
            </param>
            <param index="2">
              <value>
                <![CDATA[https://healthfirst.org/]]>
              </value>
            </param>
          </params>
          <reporter-output>
          </reporter-output>
        </test-method> <!-- setUp -->
        <test-method status="PASS" signature="testSearch()[pri:0, instance:testcases.TestHomePage@13c78c0b]" name="testSearch" duration-ms="6744" started-at="2018-01-23T17:05:26Z" finished-at="2018-01-23T17:05:32Z">
          <reporter-output>
          </reporter-output>
        </test-method> <!-- testSearch -->
        <test-method status="PASS" signature="teardown()[pri:0, instance:testcases.TestHomePage@13c78c0b]" name="teardown" is-config="true" duration-ms="176" started-at="2018-01-23T17:05:32Z" finished-at="2018-01-23T17:05:33Z">
          <reporter-output>
          </reporter-output>
        </test-method> <!-- teardown -->
      </class> <!-- testcases.TestHomePage -->
    </test> <!-- Test HF -->
  </suite> <!-- HF -->
</testng-results>
