<?xml version="1.0" encoding="UTF-8"?>
<!-- Generated by org.testng.reporters.JUnitXMLReporter -->
<testsuite hostname="Imrans-MacBook-Air.local" ignored="0" name="Amazon Home" tests="7" failures="0" timestamp="24 Jan 2018 23:37:52 GMT" time="142.508" errors="0">
  <testcase name="testLangChangeEnglishToChinese" time="0.582" classname="testcases.TestHomePage"/>
  <testcase name="testSearch" time="1.893" classname="testcases.TestHomePage"/>
  <testcase name="testMemberLogIn" time="3.632" classname="testcases.TestMemberLogInPage"/>
  <testcase name="testMemberLogIn" time="5.758" classname="testcases.TestMemberLogInPage"/>
  <testcase name="testMemberLogIn" time="5.541" classname="testcases.TestMemberLogInPage"/>
  <testcase name="testMemberLogIn" time="5.556" classname="testcases.TestMemberLogInPage"/>
  <testcase name="testProviderLogIn" time="2.272" classname="testcases.TestProviderligInPage"/>
</testsuite> <!-- Amazon Home -->
